<?xml version="1.0" encoding="UTF-8"?>
<!-- Generated by org.testng.reporters.JUnitXMLReporter -->
<testsuite ignored="2" hostname="Sumedh-Kp-C02F8051MD6M.local" failures="0" tests="2" name="RideSearch and Getting Estimates" time="131.844" errors="0" timestamp="2024-08-24T21:21:41 IST">
  <testcase classname="User.Android.RideSearch" name="SearchForRideFromSuggestion" time="122.675"/>
  <testcase classname="User.Android.EstimateScreen" name="autoAssignDriver" time="9.164"/>
  <testcase classname="base.BaseClass" name="@AfterSuite tearDown" time="0.0">
    <ignored/>
  </testcase> <!-- @AfterSuite tearDown -->
  <testcase classname="base.BaseClass" name="@BeforeSuite setUp" time="0.0">
    <ignored/>
  </testcase> <!-- @BeforeSuite setUp -->
</testsuite> <!-- RideSearch and Getting Estimates -->
