<?xml version="1.0" encoding="UTF-8"?>
<!-- Generated by org.testng.reporters.JUnitXMLReporter -->
<testsuite ignored="4" hostname="Sumedh-Kp-C02F8051MD6M.local" failures="0" tests="3" name="Starting the Ride" time="48.663" errors="0" timestamp="2024-08-22T19:59:13 IST">
  <testcase classname="Driver.StartRideScreen" name="startRide" time="5.764"/>
  <testcase classname="Driver.EnterOTPPopUp" name="enterCorrectOTP" time="9.958"/>
  <testcase classname="Driver.AndroidBackButton" name="tapBack" time="32.936"/>
  <testcase classname="base.BaseClass" name="@AfterSuite tearDown" time="0.0">
    <ignored/>
  </testcase> <!-- @AfterSuite tearDown -->
  <testcase classname="base.BaseClass" name="@AfterSuite tearDown" time="0.0">
    <ignored/>
  </testcase> <!-- @AfterSuite tearDown -->
  <testcase classname="base.BaseClass" name="@BeforeSuite setUp" time="0.0">
    <ignored/>
  </testcase> <!-- @BeforeSuite setUp -->
  <testcase classname="base.BaseClass" name="@BeforeSuite setUp" time="0.0">
    <ignored/>
  </testcase> <!-- @BeforeSuite setUp -->
</testsuite> <!-- Starting the Ride -->
