<?xml version="1.0" encoding="UTF-8"?>
<!-- Generated by org.testng.reporters.JUnitXMLReporter -->
<testsuite ignored="3" hostname="Sumedh-Kp-C02F8051MD6M.local" failures="0" tests="1" name="Test" time="6.294" errors="0" timestamp="2024-08-11T20:38:08 IST">
  <testcase classname="Main.TestingFlowInputOptions" name="prerequisite" time="6.263"/>
  <testcase classname="base.BaseClass" name="setUp" time="0.0">
    <ignored/>
  </testcase> <!-- setUp -->
  <testcase classname="base.BaseClass" name="setUp" time="0.0">
    <ignored/>
  </testcase> <!-- setUp -->
  <testcase classname="base.BaseClass" name="setUp" time="0.0">
    <ignored/>
  </testcase> <!-- setUp -->
</testsuite> <!-- Test -->
