<?xml version="1.0" encoding="UTF-8"?>
<testng-results ignored="0" total="1" passed="1" failed="0" skipped="0">
  <reporter-output>
  </reporter-output>
  <suite started-at="2024-09-16T17:23:39 IST" name="Suite" finished-at="2024-09-16T17:24:07 IST" duration-ms="27978">
    <groups>
    </groups>
    <test started-at="2024-09-16T17:23:39 IST" name="UserLogin" finished-at="2024-09-16T17:24:07 IST" duration-ms="27978">
      <class name="User.Android.UserLoginFlow">
        <test-method is-config="true" signature="setUp(int)[pri:0, instance:User.Android.UserLoginFlow@694abbdc]" started-at="2024-09-16T17:23:28 IST" name="setUp" finished-at="2024-09-16T17:23:39 IST" duration-ms="10865" status="PASS">
          <params>
            <param index="0">
              <value>
                <![CDATA[1]]>
              </value>
            </param>
          </params>
          <reporter-output>
          </reporter-output>
        </test-method> <!-- setUp -->
        <test-method signature="successfulUserLogin()[pri:0, instance:User.Android.UserLoginFlow@694abbdc]" started-at="2024-09-16T17:23:39 IST" name="successfulUserLogin" finished-at="2024-09-16T17:24:07 IST" duration-ms="27960" status="PASS">
          <reporter-output>
          </reporter-output>
        </test-method> <!-- successfulUserLogin -->
        <test-method is-config="true" signature="tearDown()[pri:0, instance:User.Android.UserLoginFlow@694abbdc]" started-at="2024-09-16T17:24:12 IST" name="tearDown" finished-at="2024-09-16T17:24:12 IST" duration-ms="408" status="PASS">
          <reporter-output>
          </reporter-output>
        </test-method> <!-- tearDown -->
      </class> <!-- User.Android.UserLoginFlow -->
    </test> <!-- UserLogin -->
  </suite> <!-- Suite -->
</testng-results>
